objc[32809]: Class AVFFrameReceiver is implemented in both /Library/Frameworks/Python.framework/Versions/3.14/lib/python3.14/site-packages/cv2/.dylibs/libavdevice.61.3.100.dylib (0x1087903a8) and /Library/Frameworks/Python.framework/Versions/3.14/lib/python3.14/site-packages/av/.dylibs/libavdevice.62.1.100.dylib (0x1154c03a8). This may cause spurious casting failures and mysterious crashes. One of the duplicates must be removed or renamed.
objc[32809]: Class AVFAudioReceiver is implemented in both /Library/Frameworks/Python.framework/Versions/3.14/lib/python3.14/site-packages/cv2/.dylibs/libavdevice.61.3.100.dylib (0x1087903f8) and /Library/Frameworks/Python.framework/Versions/3.14/lib/python3.14/site-packages/av/.dylibs/libavdevice.62.1.100.dylib (0x1154c03f8). This may cause spurious casting failures and mysterious crashes. One of the duplicates must be removed or renamed.
[v2] source: source/vod-medium.mp4 (6914.6s, 1920x1080)
[v2] computing audio RMS
[v2] detecting scenes
[v2] shortlisted 6 candidates, transcribing for hook_score
Fetching 4 files:   0%|          | 0/4 [00:00<?, ?it/s]Fetching 4 files: 100%|██████████| 4/4 [00:00<00:00, 31242.49it/s]
[v2] extracting clip 483.63-513.63s (30.00s) → work.mp4
[v2] detecting faces (MediaPipe)
[v2] face hit rate: 95.4% (900 frames)
[v2] reframe signal (win=824px, range=[0,1096])
[v2] reframe: mean=584 range=[95,927]
[v2] transcribing
[v2] composing 900 frames → delivered/m1/medium/shorts/short-01-a.mp4
[v2] delivered → /Users/jperr/Documents/shorts/delivered/20260505T181219-short-01-a.mp4
[v2] extracting clip 478.63-508.63s (30.00s) → work.mp4
[v2] detecting faces (MediaPipe)
[v2] face hit rate: 94.0% (900 frames)
[v2] reframe signal (win=824px, range=[0,1096])
[v2] reframe: mean=570 range=[110,950]
[v2] transcribing
[v2] composing 900 frames → delivered/m1/medium/shorts/short-01-b.mp4
[v2] delivered → /Users/jperr/Documents/shorts/delivered/20260505T181418-short-01-b.mp4
[v2] extracting clip 1179.93-1209.93s (30.00s) → work.mp4
[v2] detecting faces (MediaPipe)
[v2] face hit rate: 82.4% (900 frames)
[v2] reframe signal (win=824px, range=[0,1096])
[v2] reframe: mean=582 range=[416,738]
[v2] transcribing
[v2] composing 900 frames → delivered/m1/medium/shorts/short-02-a.mp4
[v2] delivered → /Users/jperr/Documents/shorts/delivered/20260505T181714-short-02-a.mp4
[v2] extracting clip 1174.93-1204.93s (30.00s) → work.mp4
[v2] detecting faces (MediaPipe)
[v2] face hit rate: 82.2% (900 frames)
[v2] reframe signal (win=824px, range=[0,1096])
[v2] reframe: mean=625 range=[424,740]
[v2] transcribing
[v2] composing 900 frames → delivered/m1/medium/shorts/short-02-b.mp4
[v2] delivered → /Users/jperr/Documents/shorts/delivered/20260505T181910-short-02-b.mp4
[v2] wrote 4 shorts
