objc[67396]: Class AVFFrameReceiver is implemented in both /Library/Frameworks/Python.framework/Versions/3.14/lib/python3.14/site-packages/cv2/.dylibs/libavdevice.61.3.100.dylib (0x1092f03a8) and /Library/Frameworks/Python.framework/Versions/3.14/lib/python3.14/site-packages/av/.dylibs/libavdevice.62.1.100.dylib (0x1161643a8). This may cause spurious casting failures and mysterious crashes. One of the duplicates must be removed or renamed.
objc[67396]: Class AVFAudioReceiver is implemented in both /Library/Frameworks/Python.framework/Versions/3.14/lib/python3.14/site-packages/cv2/.dylibs/libavdevice.61.3.100.dylib (0x1092f03f8) and /Library/Frameworks/Python.framework/Versions/3.14/lib/python3.14/site-packages/av/.dylibs/libavdevice.62.1.100.dylib (0x1161643f8). This may cause spurious casting failures and mysterious crashes. One of the duplicates must be removed or renamed.
[v2] source: source/vod-tyler1-jynxzi.mp4 (7427.9s, 1920x1080)
[v2] computing audio RMS
[v2] detecting scenes
[v2] shortlisted 6 candidates, transcribing for hook_score
Fetching 4 files:   0%|          | 0/4 [00:00<?, ?it/s]Fetching 4 files: 100%|██████████| 4/4 [00:00<00:00, 46474.28it/s]
[v2] extracting clip 0.27-30.27s (30.00s) → work.mp4
[v2] detecting faces (MediaPipe)
[v2] face hit rate: 80.5% (902 frames)
[v2] reframe signal (win=824px, range=[0,1096])
[v2] reframe: mean=278 range=[86,918]
[v2] transcribing
[v2] composing 902 frames → delivered/m1/tyler1/shorts/short-01-a.mp4
[v2] delivered → /Users/jperr/Documents/shorts/delivered/20260505T183429-short-01-a.mp4
[v2] extracting clip -4.73-25.27s (30.00s) → work.mp4
[v2] detecting faces (MediaPipe)
[v2] face hit rate: 68.7% (1044 frames)
[v2] reframe signal (win=824px, range=[0,1096])
[v2] reframe: mean=246 range=[-0,918]
[v2] transcribing
[v2] composing 1044 frames → delivered/m1/tyler1/shorts/short-01-b.mp4
[v2] delivered → /Users/jperr/Documents/shorts/delivered/20260505T183553-short-01-b.mp4
[v2] extracting clip 2384.93-2414.93s (30.00s) → work.mp4
[v2] detecting faces (MediaPipe)
[v2] face hit rate: 100.0% (902 frames)
[v2] reframe signal (win=824px, range=[0,1096])
[v2] reframe: mean=603 range=[495,760]
[v2] transcribing
[v2] composing 902 frames → delivered/m1/tyler1/shorts/short-02-a.mp4
[v2] delivered → /Users/jperr/Documents/shorts/delivered/20260505T183843-short-02-a.mp4
[v2] extracting clip 2379.93-2409.93s (30.00s) → work.mp4
[v2] detecting faces (MediaPipe)
[v2] face hit rate: 100.0% (902 frames)
[v2] reframe signal (win=824px, range=[0,1096])
[v2] reframe: mean=619 range=[495,758]
[v2] transcribing
[v2] composing 902 frames → delivered/m1/tyler1/shorts/short-02-b.mp4
[v2] delivered → /Users/jperr/Documents/shorts/delivered/20260505T184002-short-02-b.mp4
[v2] extracting clip 3744.38-3774.38s (30.00s) → work.mp4
[v2] detecting faces (MediaPipe)
[v2] face hit rate: 100.0% (902 frames)
[v2] reframe signal (win=824px, range=[0,1096])
[v2] reframe: mean=610 range=[484,844]
[v2] transcribing
[v2] composing 902 frames → delivered/m1/tyler1/shorts/short-03-a.mp4
[v2] delivered → /Users/jperr/Documents/shorts/delivered/20260505T184251-short-03-a.mp4
[v2] extracting clip 3739.38-3769.38s (30.00s) → work.mp4
[v2] detecting faces (MediaPipe)
[v2] face hit rate: 100.0% (902 frames)
[v2] reframe signal (win=824px, range=[0,1096])
[v2] reframe: mean=629 range=[484,844]
[v2] transcribing
[v2] composing 902 frames → delivered/m1/tyler1/shorts/short-03-b.mp4
[v2] delivered → /Users/jperr/Documents/shorts/delivered/20260505T184405-short-03-b.mp4
[v2] wrote 6 shorts
